  [1m[36mActiveRecord::SchemaMigration Load (0.1ms)[0m  [1mSELECT `schema_migrations`.* FROM `schema_migrations`[0m
Migrating to CreateComments (20150928223432)
  [1m[35m (46.0ms)[0m  CREATE TABLE `comments` (`id` int(11) auto_increment PRIMARY KEY, `content` text, `user_id` int(11), `created_at` datetime NOT NULL, `updated_at` datetime NOT NULL,  INDEX `index_comments_on_user_id`  (`user_id`) ) ENGINE=InnoDB
  [1m[36m (117.7ms)[0m  [1mALTER TABLE `comments` ADD CONSTRAINT `fk_rails_03de2dc08c`
FOREIGN KEY (`user_id`)
  REFERENCES `users` (`id`)
[0m
  [1m[35m (47.8ms)[0m  CREATE  INDEX `index_comments_on_user_id_and_created_at`  ON `comments` (`user_id`, `created_at`) 
  [1m[36m (0.1ms)[0m  [1mBEGIN[0m
  [1m[35mSQL (2.5ms)[0m  INSERT INTO `schema_migrations` (`version`) VALUES ('20150928223432')
  [1m[36m (8.2ms)[0m  [1mCOMMIT[0m
  [1m[35mActiveRecord::SchemaMigration Load (0.1ms)[0m  SELECT `schema_migrations`.* FROM `schema_migrations`
  [1m[36m (0.2ms)[0m  [1mSELECT fk.referenced_table_name as 'to_table'
      ,fk.referenced_column_name as 'primary_key'
      ,fk.column_name as 'column'
      ,fk.constraint_name as 'name'
FROM information_schema.key_column_usage fk
WHERE fk.referenced_column_name is not null
  AND fk.table_schema = 'meadowlark_dev'
  AND fk.table_name = 'comments'
[0m
  [1m[35m (0.1ms)[0m  SHOW CREATE TABLE `comments`
  [1m[36m (0.2ms)[0m  [1mSELECT fk.referenced_table_name as 'to_table'
      ,fk.referenced_column_name as 'primary_key'
      ,fk.column_name as 'column'
      ,fk.constraint_name as 'name'
FROM information_schema.key_column_usage fk
WHERE fk.referenced_column_name is not null
  AND fk.table_schema = 'meadowlark_dev'
  AND fk.table_name = 'users'
[0m
  [1m[35m (0.1ms)[0m  SHOW CREATE TABLE `users`
